<?xml version="1.0" encoding="UTF-8"?>
<!-- Generated by org.testng.reporters.JUnitXMLReporter -->
<testsuite ignored="2" hostname="EXIPC0245" failures="0" tests="1" name="Test" time="68.276" errors="0" timestamp="2023-06-11T14:46:18 IST">
  <testcase classname="com.qa.test.LoginTests" name="invalidUserName" time="10.466"/>
  <testcase classname="com.qa.test.LoginTests" name="invalidPassword" time="0.0">
    <ignored/>
  </testcase> <!-- invalidPassword -->
  <testcase classname="com.qa.test.LoginTests" name="successfulLogin" time="0.0">
    <ignored/>
  </testcase> <!-- successfulLogin -->
</testsuite> <!-- Test -->
